
CONNECTION ACQUIRED
connection acquired at: 2023-06-23 10:27:10disconnected at: 2023-06-23 13:10:32
connected again: 2023-06-23 13:10:34
connection was unavailable for: 0:00:01
disconnected at: 2023-06-23 13:10:43
connected again: 2023-06-23 13:10:46
connection was unavailable for: 0:00:02
disconnected at: 2023-06-23 13:10:57
connected again: 2023-06-23 13:10:57
connection was unavailable for: 0:00:00

CONNECTION ACQUIRED
connection acquired at: 2023-06-23 13:19:19
CONNECTION NOT ACQUIRED

monitoring started at: 2023-06-23 13:21:10

monitoring started at: 2023-06-23 13:21:10

monitoring started at: 2023-06-23 13:21:10

monitoring started at: 2023-06-23 13:21:10

monitoring started at: 2023-06-23 13:21:10

monitoring started at: 2023-06-23 13:21:10

CONNECTION NOT ACQUIRED

monitoring started at: 2023-06-23 13:21:42

monitoring started at: 2023-06-23 13:21:42

monitoring started at: 2023-06-23 13:21:42

monitoring started at: 2023-06-23 13:21:42

monitoring started at: 2023-06-23 13:21:42

monitoring started at: 2023-06-23 13:21:42

monitoring started at: 2023-06-23 13:21:42

monitoring started at: 2023-06-23 13:21:42

monitoring started at: 2023-06-23 13:21:42

monitoring started at: 2023-06-23 13:21:42

monitoring started at: 2023-06-23 13:21:42

monitoring started at: 2023-06-23 13:21:42

monitoring started at: 2023-06-23 13:21:42

monitoring started at: 2023-06-23 13:21:42

monitoring started at: 2023-06-23 13:21:42

monitoring started at: 2023-06-23 13:21:42

monitoring started at: 2023-06-23 13:21:42

monitoring started at: 2023-06-23 13:21:42

monitoring started at: 2023-06-23 13:21:42

monitoring started at: 2023-06-23 13:21:42

monitoring started at: 2023-06-23 13:21:42

CONNECTION NOT ACQUIRED

monitoring started at: 2023-06-23 13:23:23

monitoring started at: 2023-06-23 13:23:23

monitoring started at: 2023-06-23 13:23:23

monitoring started at: 2023-06-23 13:23:23

monitoring started at: 2023-06-23 13:23:23

monitoring started at: 2023-06-23 13:23:23

monitoring started at: 2023-06-23 13:23:23

monitoring started at: 2023-06-23 13:23:23

monitoring started at: 2023-06-23 13:23:23

monitoring started at: 2023-06-23 13:23:23

monitoring started at: 2023-06-23 13:23:23

monitoring started at: 2023-06-23 13:23:23

monitoring started at: 2023-06-23 13:23:23

monitoring started at: 2023-06-23 13:23:23

monitoring started at: 2023-06-23 13:23:23

monitoring started at: 2023-06-23 13:23:23

monitoring started at: 2023-06-23 13:23:23

monitoring started at: 2023-06-23 13:23:23

monitoring started at: 2023-06-23 13:23:23

monitoring started at: 2023-06-23 13:23:23

monitoring started at: 2023-06-23 13:23:23

monitoring started at: 2023-06-23 13:23:23

monitoring started at: 2023-06-23 13:23:23

monitoring started at: 2023-06-23 13:23:23

monitoring started at: 2023-06-23 13:23:23

monitoring started at: 2023-06-23 13:23:23

monitoring started at: 2023-06-23 13:23:23

monitoring started at: 2023-06-23 13:23:23

monitoring started at: 2023-06-23 13:23:23

monitoring started at: 2023-06-23 13:23:23

monitoring started at: 2023-06-23 13:23:23

monitoring started at: 2023-06-23 13:23:23

monitoring started at: 2023-06-23 13:23:23

monitoring started at: 2023-06-23 13:23:23

monitoring started at: 2023-06-23 13:23:23

monitoring started at: 2023-06-23 13:23:23

monitoring started at: 2023-06-23 13:23:23

monitoring started at: 2023-06-23 13:23:23

monitoring started at: 2023-06-23 13:23:23

monitoring started at: 2023-06-23 13:23:23

monitoring started at: 2023-06-23 13:23:23

monitoring started at: 2023-06-23 13:23:23

monitoring started at: 2023-06-23 13:23:23

monitoring started at: 2023-06-23 13:23:23

monitoring started at: 2023-06-23 13:23:23

monitoring started at: 2023-06-23 13:23:23

monitoring started at: 2023-06-23 13:23:23

monitoring started at: 2023-06-23 13:23:23

monitoring started at: 2023-06-23 13:23:23

monitoring started at: 2023-06-23 13:23:23

monitoring started at: 2023-06-23 13:23:23

monitoring started at: 2023-06-23 13:23:23

monitoring started at: 2023-06-23 13:23:23

monitoring started at: 2023-06-23 13:23:23

monitoring started at: 2023-06-23 13:23:23

monitoring started at: 2023-06-23 13:23:23

monitoring started at: 2023-06-23 13:23:23

monitoring started at: 2023-06-23 13:23:23

monitoring started at: 2023-06-23 13:23:23

monitoring started at: 2023-06-23 13:23:23

monitoring started at: 2023-06-23 13:23:23

monitoring started at: 2023-06-23 13:23:23

monitoring started at: 2023-06-23 13:23:23

monitoring started at: 2023-06-23 13:23:23

monitoring started at: 2023-06-23 13:23:23

monitoring started at: 2023-06-23 13:23:23

monitoring started at: 2023-06-23 13:23:23

monitoring started at: 2023-06-23 13:23:23

monitoring started at: 2023-06-23 13:23:23

monitoring started at: 2023-06-23 13:23:23

monitoring started at: 2023-06-23 13:23:23

monitoring started at: 2023-06-23 13:23:23

monitoring started at: 2023-06-23 13:23:23

monitoring started at: 2023-06-23 13:23:23

monitoring started at: 2023-06-23 13:23:23

monitoring started at: 2023-06-23 13:23:23

monitoring started at: 2023-06-23 13:23:23

monitoring started at: 2023-06-23 13:23:23

monitoring started at: 2023-06-23 13:23:23

monitoring started at: 2023-06-23 13:23:23

CONNECTION ACQUIRED
connection acquired at: 2023-06-23 13:28:53
CONNECTION ACQUIRED
connection acquired at: 2023-06-23 13:30:50
CONNECTION NOT ACQUIRED

monitoring started at: 2023-06-23 13:32:01

CONNECTION NOT ACQUIRED

monitoring started at: 2023-06-23 13:32:23

monitoring started at: 2023-06-23 13:32:23

monitoring started at: 2023-06-23 13:32:23

monitoring started at: 2023-06-23 13:32:23

monitoring started at: 2023-06-23 13:32:23

monitoring started at: 2023-06-23 13:32:23

monitoring started at: 2023-06-23 13:32:23

monitoring started at: 2023-06-23 13:32:23

monitoring started at: 2023-06-23 13:32:23

CONNECTION NOT ACQUIRED

monitoring started at: 2023-06-23 13:38:40

CONNECTION NOT ACQUIRED

CONNECTION NOT ACQUIRED

monitoring started at: 2023-06-23 13:39:29

monitoring started at: 2023-06-23 13:39:29

CONNECTION NOT ACQUIRED
disconnected at: 2023-06-23 13:40:06
connected again: 2023-06-23 13:41:51
connection was unavailable for: 0:01:45
disconnected at: 2023-06-23 13:41:54
connected again: 2023-06-23 14:02:44
connection was unavailable for: 0:20:49
disconnected at: 2023-06-23 14:02:47

CONNECTION NOT ACQUIRED

monitoring started at: 2023-06-23 14:05:08

monitoring started at: 2023-06-23 14:05:08

monitoring started at: 2023-06-23 14:05:08

monitoring started at: 2023-06-23 14:05:08

monitoring started at: 2023-06-23 14:05:08

monitoring started at: 2023-06-23 14:05:08

monitoring started at: 2023-06-23 14:05:08

monitoring started at: 2023-06-23 14:05:08

monitoring started at: 2023-06-23 14:05:08

monitoring started at: 2023-06-23 14:05:08

monitoring started at: 2023-06-23 14:05:08

CONNECTION NOT ACQUIRED

monitoring started at: 2023-06-23 14:07:50

monitoring started at: 2023-06-23 14:07:50

monitoring started at: 2023-06-23 14:07:50

monitoring started at: 2023-06-23 14:07:50

monitoring started at: 2023-06-23 14:07:50

monitoring started at: 2023-06-23 14:07:50

CONNECTION NOT ACQUIRED

monitoring started at: 2023-06-23 14:09:17

monitoring started at: 2023-06-23 14:09:17

monitoring started at: 2023-06-23 14:09:17

monitoring started at: 2023-06-23 14:09:17

monitoring started at: 2023-06-23 14:09:17

monitoring started at: 2023-06-23 14:09:17

monitoring started at: 2023-06-23 14:09:17

monitoring started at: 2023-06-23 14:09:17

monitoring started at: 2023-06-23 14:09:17

monitoring started at: 2023-06-23 14:09:17

monitoring started at: 2023-06-23 14:09:17

monitoring started at: 2023-06-23 14:09:17

monitoring started at: 2023-06-23 14:09:17

monitoring started at: 2023-06-23 14:09:17

monitoring started at: 2023-06-23 14:09:17

monitoring started at: 2023-06-23 14:09:17

monitoring started at: 2023-06-23 14:09:17

monitoring started at: 2023-06-23 14:09:17

monitoring started at: 2023-06-23 14:09:17

monitoring started at: 2023-06-23 14:09:17

monitoring started at: 2023-06-23 14:09:17

monitoring started at: 2023-06-23 14:09:17

monitoring started at: 2023-06-23 14:09:17

monitoring started at: 2023-06-23 14:09:17

monitoring started at: 2023-06-23 14:09:17

monitoring started at: 2023-06-23 14:09:17

monitoring started at: 2023-06-23 14:09:17

monitoring started at: 2023-06-23 14:09:17

monitoring started at: 2023-06-23 14:09:17

monitoring started at: 2023-06-23 14:09:17

monitoring started at: 2023-06-23 14:09:17

monitoring started at: 2023-06-23 14:09:17

monitoring started at: 2023-06-23 14:09:17

monitoring started at: 2023-06-23 14:09:17

monitoring started at: 2023-06-23 14:09:17

monitoring started at: 2023-06-23 14:09:17

monitoring started at: 2023-06-23 14:09:17

monitoring started at: 2023-06-23 14:09:17

monitoring started at: 2023-06-23 14:09:17

monitoring started at: 2023-06-23 14:09:17

monitoring started at: 2023-06-23 14:09:17

monitoring started at: 2023-06-23 14:09:17

monitoring started at: 2023-06-23 14:09:17

monitoring started at: 2023-06-23 14:09:17

monitoring started at: 2023-06-23 14:09:17

monitoring started at: 2023-06-23 14:09:17

monitoring started at: 2023-06-23 14:09:17

monitoring started at: 2023-06-23 14:09:17

monitoring started at: 2023-06-23 14:09:17

monitoring started at: 2023-06-23 14:09:17

monitoring started at: 2023-06-23 14:09:17

monitoring started at: 2023-06-23 14:09:17

monitoring started at: 2023-06-23 14:09:17

monitoring started at: 2023-06-23 14:09:17

monitoring started at: 2023-06-23 14:09:17

monitoring started at: 2023-06-23 14:09:17

monitoring started at: 2023-06-23 14:09:17

monitoring started at: 2023-06-23 14:09:17

monitoring started at: 2023-06-23 14:09:17

monitoring started at: 2023-06-23 14:09:17

monitoring started at: 2023-06-23 14:09:17

monitoring started at: 2023-06-23 14:09:17

monitoring started at: 2023-06-23 14:09:17

monitoring started at: 2023-06-23 14:09:17

monitoring started at: 2023-06-23 14:09:17

monitoring started at: 2023-06-23 14:09:17

monitoring started at: 2023-06-23 14:09:17

monitoring started at: 2023-06-23 14:09:17

monitoring started at: 2023-06-23 14:09:17

monitoring started at: 2023-06-23 14:09:17

monitoring started at: 2023-06-23 14:09:17

monitoring started at: 2023-06-23 14:09:17

monitoring started at: 2023-06-23 14:09:17

monitoring started at: 2023-06-23 14:09:17

monitoring started at: 2023-06-23 14:09:17

monitoring started at: 2023-06-23 14:09:17

monitoring started at: 2023-06-23 14:09:17

monitoring started at: 2023-06-23 14:09:17

monitoring started at: 2023-06-23 14:09:17

monitoring started at: 2023-06-23 14:09:17

monitoring started at: 2023-06-23 14:09:17

monitoring started at: 2023-06-23 14:09:17

monitoring started at: 2023-06-23 14:09:17

monitoring started at: 2023-06-23 14:09:17

monitoring started at: 2023-06-23 14:09:17

monitoring started at: 2023-06-23 14:09:17

monitoring started at: 2023-06-23 14:09:17

monitoring started at: 2023-06-23 14:09:17

monitoring started at: 2023-06-23 14:09:17

monitoring started at: 2023-06-23 14:09:17

monitoring started at: 2023-06-23 14:09:17

monitoring started at: 2023-06-23 14:09:17

monitoring started at: 2023-06-23 14:09:17

monitoring started at: 2023-06-23 14:09:17

monitoring started at: 2023-06-23 14:09:17

monitoring started at: 2023-06-23 14:09:17

monitoring started at: 2023-06-23 14:09:17

monitoring started at: 2023-06-23 14:09:17

monitoring started at: 2023-06-23 14:09:17

monitoring started at: 2023-06-23 14:09:17

monitoring started at: 2023-06-23 14:09:17

monitoring started at: 2023-06-23 14:09:17

monitoring started at: 2023-06-23 14:09:17

monitoring started at: 2023-06-23 14:09:17

monitoring started at: 2023-06-23 14:09:17

monitoring started at: 2023-06-23 14:09:17

monitoring started at: 2023-06-23 14:09:17

monitoring started at: 2023-06-23 14:09:17

monitoring started at: 2023-06-23 14:09:17

monitoring started at: 2023-06-23 14:09:17

monitoring started at: 2023-06-23 14:09:17

monitoring started at: 2023-06-23 14:09:17

monitoring started at: 2023-06-23 14:09:17

monitoring started at: 2023-06-23 14:09:17

monitoring started at: 2023-06-23 14:09:17

monitoring started at: 2023-06-23 14:09:17

monitoring started at: 2023-06-23 14:09:17

monitoring started at: 2023-06-23 14:09:17

monitoring started at: 2023-06-23 14:09:17

monitoring started at: 2023-06-23 14:09:17

monitoring started at: 2023-06-23 14:09:17

monitoring started at: 2023-06-23 14:09:17

monitoring started at: 2023-06-23 14:09:17

monitoring started at: 2023-06-23 14:09:17

monitoring started at: 2023-06-23 14:09:17

monitoring started at: 2023-06-23 14:09:17

monitoring started at: 2023-06-23 14:09:17

monitoring started at: 2023-06-23 14:09:17

monitoring started at: 2023-06-23 14:09:17

monitoring started at: 2023-06-23 14:09:17

monitoring started at: 2023-06-23 14:09:17

monitoring started at: 2023-06-23 14:09:17

monitoring started at: 2023-06-23 14:09:17

monitoring started at: 2023-06-23 14:09:17

monitoring started at: 2023-06-23 14:09:17

monitoring started at: 2023-06-23 14:09:17

monitoring started at: 2023-06-23 14:09:17

monitoring started at: 2023-06-23 14:09:17

monitoring started at: 2023-06-23 14:09:17

monitoring started at: 2023-06-23 14:09:17

monitoring started at: 2023-06-23 14:09:17

monitoring started at: 2023-06-23 14:09:17

monitoring started at: 2023-06-23 14:09:17

monitoring started at: 2023-06-23 14:09:17

monitoring started at: 2023-06-23 14:09:17

monitoring started at: 2023-06-23 14:09:17

monitoring started at: 2023-06-23 14:09:17

monitoring started at: 2023-06-23 14:09:17

monitoring started at: 2023-06-23 14:09:17

monitoring started at: 2023-06-23 14:09:17

monitoring started at: 2023-06-23 14:09:17

monitoring started at: 2023-06-23 14:09:17

monitoring started at: 2023-06-23 14:09:17

monitoring started at: 2023-06-23 14:09:17

monitoring started at: 2023-06-23 14:09:17

monitoring started at: 2023-06-23 14:09:17

monitoring started at: 2023-06-23 14:09:17

monitoring started at: 2023-06-23 14:09:17

monitoring started at: 2023-06-23 14:09:17

monitoring started at: 2023-06-23 14:09:17

monitoring started at: 2023-06-23 14:09:17

monitoring started at: 2023-06-23 14:09:17

monitoring started at: 2023-06-23 14:09:17

monitoring started at: 2023-06-23 14:09:17

monitoring started at: 2023-06-23 14:09:17

monitoring started at: 2023-06-23 14:09:17

monitoring started at: 2023-06-23 14:09:17

monitoring started at: 2023-06-23 14:09:17

monitoring started at: 2023-06-23 14:09:17

monitoring started at: 2023-06-23 14:09:17

monitoring started at: 2023-06-23 14:09:17

monitoring started at: 2023-06-23 14:09:17

monitoring started at: 2023-06-23 14:09:17

monitoring started at: 2023-06-23 14:09:17

monitoring started at: 2023-06-23 14:09:17

monitoring started at: 2023-06-23 14:09:17

monitoring started at: 2023-06-23 14:09:17

monitoring started at: 2023-06-23 14:09:17

monitoring started at: 2023-06-23 14:09:17

monitoring started at: 2023-06-23 14:09:17

monitoring started at: 2023-06-23 14:09:17

monitoring started at: 2023-06-23 14:09:17

monitoring started at: 2023-06-23 14:09:17

monitoring started at: 2023-06-23 14:09:17

monitoring started at: 2023-06-23 14:09:17

monitoring started at: 2023-06-23 14:09:17

monitoring started at: 2023-06-23 14:09:17

monitoring started at: 2023-06-23 14:09:17

monitoring started at: 2023-06-23 14:09:17

monitoring started at: 2023-06-23 14:09:17

monitoring started at: 2023-06-23 14:09:17

monitoring started at: 2023-06-23 14:09:17

monitoring started at: 2023-06-23 14:09:17

monitoring started at: 2023-06-23 14:09:17

monitoring started at: 2023-06-23 14:09:17

monitoring started at: 2023-06-23 14:09:17

monitoring started at: 2023-06-23 14:09:17

monitoring started at: 2023-06-23 14:09:17

monitoring started at: 2023-06-23 14:09:17

monitoring started at: 2023-06-23 14:09:17

monitoring started at: 2023-06-23 14:09:17

monitoring started at: 2023-06-23 14:09:17

monitoring started at: 2023-06-23 14:09:17

monitoring started at: 2023-06-23 14:09:17

monitoring started at: 2023-06-23 14:09:17

monitoring started at: 2023-06-23 14:09:17

monitoring started at: 2023-06-23 14:09:17

monitoring started at: 2023-06-23 14:09:17

monitoring started at: 2023-06-23 14:09:17

monitoring started at: 2023-06-23 14:09:17

monitoring started at: 2023-06-23 14:09:17

monitoring started at: 2023-06-23 14:09:17

monitoring started at: 2023-06-23 14:09:17

monitoring started at: 2023-06-23 14:09:17

monitoring started at: 2023-06-23 14:09:17

monitoring started at: 2023-06-23 14:09:17

monitoring started at: 2023-06-23 14:09:17

monitoring started at: 2023-06-23 14:09:17

monitoring started at: 2023-06-23 14:09:17

monitoring started at: 2023-06-23 14:09:17

monitoring started at: 2023-06-23 14:09:17

monitoring started at: 2023-06-23 14:09:17

monitoring started at: 2023-06-23 14:09:17

monitoring started at: 2023-06-23 14:09:17

monitoring started at: 2023-06-23 14:09:17

monitoring started at: 2023-06-23 14:09:17

monitoring started at: 2023-06-23 14:09:17

monitoring started at: 2023-06-23 14:09:17

monitoring started at: 2023-06-23 14:09:17

monitoring started at: 2023-06-23 14:09:17

monitoring started at: 2023-06-23 14:09:17

monitoring started at: 2023-06-23 14:09:17

monitoring started at: 2023-06-23 14:09:17

monitoring started at: 2023-06-23 14:09:17

monitoring started at: 2023-06-23 14:09:17

monitoring started at: 2023-06-23 14:09:17

monitoring started at: 2023-06-23 14:09:17

monitoring started at: 2023-06-23 14:09:17

monitoring started at: 2023-06-23 14:09:17

monitoring started at: 2023-06-23 14:09:17

monitoring started at: 2023-06-23 14:09:17

monitoring started at: 2023-06-23 14:09:17

monitoring started at: 2023-06-23 14:09:17

monitoring started at: 2023-06-23 14:09:17

monitoring started at: 2023-06-23 14:09:17

monitoring started at: 2023-06-23 14:09:17

monitoring started at: 2023-06-23 14:09:17

monitoring started at: 2023-06-23 14:09:17

monitoring started at: 2023-06-23 14:09:17

monitoring started at: 2023-06-23 14:09:17

monitoring started at: 2023-06-23 14:09:17

monitoring started at: 2023-06-23 14:09:17

monitoring started at: 2023-06-23 14:09:17

monitoring started at: 2023-06-23 14:09:17

monitoring started at: 2023-06-23 14:09:17

monitoring started at: 2023-06-23 14:09:17

monitoring started at: 2023-06-23 14:09:17

monitoring started at: 2023-06-23 14:09:17

monitoring started at: 2023-06-23 14:09:17

monitoring started at: 2023-06-23 14:09:17

monitoring started at: 2023-06-23 14:09:17

monitoring started at: 2023-06-23 14:09:17

monitoring started at: 2023-06-23 14:09:17

CONNECTION NOT ACQUIRED

monitoring started at: 2023-06-23 15:10:41

monitoring started at: 2023-06-23 15:10:41

monitoring started at: 2023-06-23 15:10:41

monitoring started at: 2023-06-23 15:10:41

monitoring started at: 2023-06-23 15:10:41

monitoring started at: 2023-06-23 15:10:41

monitoring started at: 2023-06-23 15:10:41

monitoring started at: 2023-06-23 15:10:41

monitoring started at: 2023-06-23 15:10:41

monitoring started at: 2023-06-23 15:10:41

monitoring started at: 2023-06-23 15:10:41

monitoring started at: 2023-06-23 15:10:41

monitoring started at: 2023-06-23 15:10:41

monitoring started at: 2023-06-23 15:10:41

monitoring started at: 2023-06-23 15:10:41

monitoring started at: 2023-06-23 15:10:41

monitoring started at: 2023-06-23 15:10:41

monitoring started at: 2023-06-23 15:10:41

monitoring started at: 2023-06-23 15:10:41

monitoring started at: 2023-06-23 15:10:41

monitoring started at: 2023-06-23 15:10:41

monitoring started at: 2023-06-23 15:10:41

monitoring started at: 2023-06-23 15:10:41

monitoring started at: 2023-06-23 15:10:41

monitoring started at: 2023-06-23 15:10:41

monitoring started at: 2023-06-23 15:10:41

monitoring started at: 2023-06-23 15:10:41

monitoring started at: 2023-06-23 15:10:41

monitoring started at: 2023-06-23 15:10:41

monitoring started at: 2023-06-23 15:10:41

monitoring started at: 2023-06-23 15:10:41

monitoring started at: 2023-06-23 15:10:41

monitoring started at: 2023-06-23 15:10:41

monitoring started at: 2023-06-23 15:10:41

monitoring started at: 2023-06-23 15:10:41

monitoring started at: 2023-06-23 15:10:41

monitoring started at: 2023-06-23 15:10:41

monitoring started at: 2023-06-23 15:10:41

monitoring started at: 2023-06-23 15:10:41

monitoring started at: 2023-06-23 15:10:41

monitoring started at: 2023-06-23 15:10:41

CONNECTION NOT ACQUIRED

monitoring started at: 2023-06-23 15:20:11

monitoring started at: 2023-06-23 15:20:11

monitoring started at: 2023-06-23 15:20:11

monitoring started at: 2023-06-23 15:20:11

monitoring started at: 2023-06-23 15:20:11

monitoring started at: 2023-06-23 15:20:11

monitoring started at: 2023-06-23 15:20:11

monitoring started at: 2023-06-23 15:20:11

monitoring started at: 2023-06-23 15:20:11

monitoring started at: 2023-06-23 15:20:11

monitoring started at: 2023-06-23 15:20:11

monitoring started at: 2023-06-23 15:20:11

monitoring started at: 2023-06-23 15:20:11

monitoring started at: 2023-06-23 15:20:11

monitoring started at: 2023-06-23 15:20:11

monitoring started at: 2023-06-23 15:20:11

monitoring started at: 2023-06-23 15:20:11

monitoring started at: 2023-06-23 15:20:11

monitoring started at: 2023-06-23 15:20:11

monitoring started at: 2023-06-23 15:20:11

CONNECTION NOT ACQUIRED

monitoring started at: 2023-06-23 15:25:00

monitoring started at: 2023-06-23 15:25:00

CONNECTION NOT ACQUIRED

monitoring started at: 2023-06-23 15:25:35

monitoring started at: 2023-06-23 15:25:35

monitoring started at: 2023-06-23 15:25:35

monitoring started at: 2023-06-23 15:25:35

monitoring started at: 2023-06-23 15:25:35

monitoring started at: 2023-06-23 15:25:35

monitoring started at: 2023-06-23 15:25:35

monitoring started at: 2023-06-23 15:25:35

monitoring started at: 2023-06-23 15:25:35

monitoring started at: 2023-06-23 15:25:35
